Build started 11/27/2014 4:15:00 PM.
     1>Project "C:\Users\A00855385\Desktop\Data Comm Assignment 4\Data Comm Assignment 4.vcxproj" on node 2 (Build target(s)).
     1>ClCompile:
         C:\Program Files (x86)\Microsoft Visual Studio 12.0\VC\bin\CL.exe /c /ZI /nologo /W3 /WX- /Od /Oy- /D _MBCS /Gm /EHsc /RTC1 /MDd /GS /fp:precise /Zc:wchar_t /Zc:forScope /Fo"Debug\\" /Fd"Debug\vc120.pdb" /Gd /TP /analyze- /errorReport:prompt Application.cpp Physical.cpp Session.cpp Statistics.cpp
         Session.cpp
         Physical.cpp
     1>c:\users\a00855385\desktop\data comm assignment 4\physical.cpp(78): warning C4244: 'argument' : conversion from 'double' to 'DWORD', possible loss of data
     1>c:\users\a00855385\desktop\data comm assignment 4\physical.cpp(291): warning C4101: 'dwCommEvent' : unreferenced local variable
         Application.cpp
         Generating Code...
         Compiling...
         Statistics.cpp
         Generating Code...
       Link:
         C:\Program Files (x86)\Microsoft Visual Studio 12.0\VC\bin\link.exe /ERRORREPORT:PROMPT /OUT:"C:\Users\A00855385\Desktop\Data Comm Assignment 4\Debug\Data Comm Assignment 4.exe" /INCREMENTAL /NOLOGO kernel32.lib user32.lib gdi32.lib winspool.lib comdlg32.lib advapi32.lib shell32.lib ole32.lib oleaut32.lib uuid.lib odbc32.lib odbccp32.lib /MANIFEST /MANIFESTUAC:"level='asInvoker' uiAccess='false'" /manifest:embed /DEBUG /PDB:"C:\Users\A00855385\Desktop\Data Comm Assignment 4\Debug\Data Comm Assignment 4.pdb" /TLBID:1 /DYNAMICBASE /NXCOMPAT /IMPLIB:"C:\Users\A00855385\Desktop\Data Comm Assignment 4\Debug\Data Comm Assignment 4.lib" /MACHINE:X86 Debug\Menu.res
         Debug\Application.obj
         Debug\Physical.obj
         Debug\Session.obj
         Debug\Statistics.obj
         Data Comm Assignment 4.vcxproj -> C:\Users\A00855385\Desktop\Data Comm Assignment 4\Debug\Data Comm Assignment 4.exe
     1>Done Building Project "C:\Users\A00855385\Desktop\Data Comm Assignment 4\Data Comm Assignment 4.vcxproj" (Build target(s)).

Build succeeded.

Time Elapsed 00:00:03.54
